
9월 01, 2021 09:56:53.734 NEW SESSION
9월 01, 2021 09:56:53.734 [9856:6160:0901/095653.731:ERROR:device_event_log_impl.cc(214)] [09:56:53.731] Bluetooth: bluetooth_adapter_winrt.cc:1073 Getting Default Adapter failed.

9월 01, 2021 14:45:16.399 NEW SESSION
9월 01, 2021 14:45:16.399 [1444:4100:0901/144516.397:ERROR:device_event_log_impl.cc(214)] [14:45:16.396] Bluetooth: bluetooth_adapter_winrt.cc:1073 Getting Default Adapter failed.
9월 01, 2021 15:30:06.882 [10312:7252:0901/153006.882:ERROR:device_event_log_impl.cc(214)] [15:30:06.881] Bluetooth: bluetooth_adapter_winrt.cc:1073 Getting Default Adapter failed.
9월 01, 2021 15:31:50.533 [1696:4816:0901/153150.533:ERROR:device_event_log_impl.cc(214)] [15:31:50.533] Bluetooth: bluetooth_adapter_winrt.cc:1073 Getting Default Adapter failed.
9월 01, 2021 15:34:11.275 [1140:4236:0901/153411.275:ERROR:device_event_log_impl.cc(214)] [15:34:11.274] Bluetooth: bluetooth_adapter_winrt.cc:1073 Getting Default Adapter failed.

9월 02, 2021 17:35:44.122 NEW SESSION
9월 02, 2021 17:35:44.122 [12840:7184:0902/173544.120:ERROR:device_event_log_impl.cc(214)] [17:35:44.119] Bluetooth: bluetooth_adapter_winrt.cc:1073 Getting Default Adapter failed.

9월 08, 2021 15:25:45.114 NEW SESSION
9월 08, 2021 15:25:45.114 [16924:8352:0908/152545.112:ERROR:device_event_log_impl.cc(214)] [15:25:45.112] Bluetooth: bluetooth_adapter_winrt.cc:1073 Getting Default Adapter failed.
9월 08, 2021 15:25:48.736 [16924:15704:0908/152548.735:ERROR:database.cc(1674)] History SQLite error: code 1555 errno 0: UNIQUE constraint failed: context_annotations.visit_id sql: INSERT INTO context_annotations( visit_id,context_annotation_flags,duration_since_last_visit,page_end_reason )VALUES(?,?,?,?)
9월 08, 2021 15:25:48.923 [16924:15704:0908/152548.922:ERROR:database.cc(1674)] History SQLite error: code 1555 errno 0: UNIQUE constraint failed: context_annotations.visit_id sql: INSERT INTO context_annotations( visit_id,context_annotation_flags,duration_since_last_visit,page_end_reason )VALUES(?,?,?,?)
9월 08, 2021 15:25:49.60 [16924:15704:0908/152549.060:ERROR:database.cc(1674)] History SQLite error: code 1555 errno 0: UNIQUE constraint failed: context_annotations.visit_id sql: INSERT INTO context_annotations( visit_id,context_annotation_flags,duration_since_last_visit,page_end_reason )VALUES(?,?,?,?)
9월 08, 2021 15:25:49.214 [16924:15704:0908/152549.213:ERROR:database.cc(1674)] History SQLite error: code 1555 errno 0: UNIQUE constraint failed: context_annotations.visit_id sql: INSERT INTO context_annotations( visit_id,context_annotation_flags,duration_since_last_visit,page_end_reason )VALUES(?,?,?,?)
9월 08, 2021 15:25:49.341 [16924:15704:0908/152549.341:ERROR:database.cc(1674)] History SQLite error: code 1555 errno 0: UNIQUE constraint failed: context_annotations.visit_id sql: INSERT INTO context_annotations( visit_id,context_annotation_flags,duration_since_last_visit,page_end_reason )VALUES(?,?,?,?)
9월 08, 2021 15:27:09.538 [16924:11544:0908/152709.538:ERROR:database.cc(1674)] History SQLite error: code 1555 errno 0: UNIQUE constraint failed: context_annotations.visit_id sql: INSERT INTO context_annotations( visit_id,context_annotation_flags,duration_since_last_visit,page_end_reason )VALUES(?,?,?,?)
9월 08, 2021 15:27:09.715 [16924:11544:0908/152709.714:ERROR:database.cc(1674)] History SQLite error: code 1555 errno 0: UNIQUE constraint failed: context_annotations.visit_id sql: INSERT INTO context_annotations( visit_id,context_annotation_flags,duration_since_last_visit,page_end_reason )VALUES(?,?,?,?)
9월 08, 2021 15:27:09.856 [16924:11544:0908/152709.856:ERROR:database.cc(1674)] History SQLite error: code 1555 errno 0: UNIQUE constraint failed: context_annotations.visit_id sql: INSERT INTO context_annotations( visit_id,context_annotation_flags,duration_since_last_visit,page_end_reason )VALUES(?,?,?,?)
9월 08, 2021 15:27:09.988 [16924:11544:0908/152709.988:ERROR:database.cc(1674)] History SQLite error: code 1555 errno 0: UNIQUE constraint failed: context_annotations.visit_id sql: INSERT INTO context_annotations( visit_id,context_annotation_flags,duration_since_last_visit,page_end_reason )VALUES(?,?,?,?)
9월 08, 2021 15:27:10.135 [16924:11544:0908/152710.135:ERROR:database.cc(1674)] History SQLite error: code 1555 errno 0: UNIQUE constraint failed: context_annotations.visit_id sql: INSERT INTO context_annotations( visit_id,context_annotation_flags,duration_since_last_visit,page_end_reason )VALUES(?,?,?,?)
9월 08, 2021 15:45:55.44 [16924:11672:0908/154555.044:ERROR:database.cc(1674)] History SQLite error: code 1555 errno 0: UNIQUE constraint failed: context_annotations.visit_id sql: INSERT INTO context_annotations( visit_id,context_annotation_flags,duration_since_last_visit,page_end_reason )VALUES(?,?,?,?)
9월 08, 2021 15:46:21.518 [16924:11672:0908/154621.517:ERROR:database.cc(1674)] History SQLite error: code 1555 errno 0: UNIQUE constraint failed: context_annotations.visit_id sql: INSERT INTO context_annotations( visit_id,context_annotation_flags,duration_since_last_visit,page_end_reason )VALUES(?,?,?,?)
9월 08, 2021 15:47:31.698 [16924:7304:0908/154731.698:ERROR:database.cc(1674)] History SQLite error: code 1555 errno 0: UNIQUE constraint failed: context_annotations.visit_id sql: INSERT INTO context_annotations( visit_id,context_annotation_flags,duration_since_last_visit,page_end_reason )VALUES(?,?,?,?)
9월 08, 2021 15:47:43.645 [16924:6308:0908/154743.644:ERROR:database.cc(1674)] History SQLite error: code 1555 errno 0: UNIQUE constraint failed: context_annotations.visit_id sql: INSERT INTO context_annotations( visit_id,context_annotation_flags,duration_since_last_visit,page_end_reason )VALUES(?,?,?,?)
9월 08, 2021 15:47:56.584 [16924:7304:0908/154756.583:ERROR:database.cc(1674)] History SQLite error: code 1555 errno 0: UNIQUE constraint failed: context_annotations.visit_id sql: INSERT INTO context_annotations( visit_id,context_annotation_flags,duration_since_last_visit,page_end_reason )VALUES(?,?,?,?)
9월 08, 2021 15:48:02.597 [16924:6308:0908/154802.597:ERROR:database.cc(1674)] History SQLite error: code 1555 errno 0: UNIQUE constraint failed: context_annotations.visit_id sql: INSERT INTO context_annotations( visit_id,context_annotation_flags,duration_since_last_visit,page_end_reason )VALUES(?,?,?,?)
9월 08, 2021 15:48:02.792 [16924:6308:0908/154802.791:ERROR:database.cc(1674)] History SQLite error: code 1555 errno 0: UNIQUE constraint failed: context_annotations.visit_id sql: INSERT INTO context_annotations( visit_id,context_annotation_flags,duration_since_last_visit,page_end_reason )VALUES(?,?,?,?)
9월 08, 2021 15:48:02.947 [16924:6308:0908/154802.947:ERROR:database.cc(1674)] History SQLite error: code 1555 errno 0: UNIQUE constraint failed: context_annotations.visit_id sql: INSERT INTO context_annotations( visit_id,context_annotation_flags,duration_since_last_visit,page_end_reason )VALUES(?,?,?,?)
9월 08, 2021 15:48:03.95 [16924:6308:0908/154803.094:ERROR:database.cc(1674)] History SQLite error: code 1555 errno 0: UNIQUE constraint failed: context_annotations.visit_id sql: INSERT INTO context_annotations( visit_id,context_annotation_flags,duration_since_last_visit,page_end_reason )VALUES(?,?,?,?)
9월 08, 2021 15:48:03.258 [16924:6308:0908/154803.257:ERROR:database.cc(1674)] History SQLite error: code 1555 errno 0: UNIQUE constraint failed: context_annotations.visit_id sql: INSERT INTO context_annotations( visit_id,context_annotation_flags,duration_since_last_visit,page_end_reason )VALUES(?,?,?,?)
9월 08, 2021 15:48:03.399 [16924:6308:0908/154803.398:ERROR:database.cc(1674)] History SQLite error: code 1555 errno 0: UNIQUE constraint failed: context_annotations.visit_id sql: INSERT INTO context_annotations( visit_id,context_annotation_flags,duration_since_last_visit,page_end_reason )VALUES(?,?,?,?)
9월 08, 2021 15:48:26.19 [16924:6308:0908/154826.018:ERROR:database.cc(1674)] History SQLite error: code 1555 errno 0: UNIQUE constraint failed: context_annotations.visit_id sql: INSERT INTO context_annotations( visit_id,context_annotation_flags,duration_since_last_visit,page_end_reason )VALUES(?,?,?,?)
9월 08, 2021 15:48:26.596 [16924:6308:0908/154826.596:ERROR:database.cc(1674)] History SQLite error: code 1555 errno 0: UNIQUE constraint failed: context_annotations.visit_id sql: INSERT INTO context_annotations( visit_id,context_annotation_flags,duration_since_last_visit,page_end_reason )VALUES(?,?,?,?)
9월 08, 2021 15:48:26.787 [16924:6308:0908/154826.787:ERROR:database.cc(1674)] History SQLite error: code 1555 errno 0: UNIQUE constraint failed: context_annotations.visit_id sql: INSERT INTO context_annotations( visit_id,context_annotation_flags,duration_since_last_visit,page_end_reason )VALUES(?,?,?,?)
9월 08, 2021 15:48:26.931 [16924:6308:0908/154826.931:ERROR:database.cc(1674)] History SQLite error: code 1555 errno 0: UNIQUE constraint failed: context_annotations.visit_id sql: INSERT INTO context_annotations( visit_id,context_annotation_flags,duration_since_last_visit,page_end_reason )VALUES(?,?,?,?)
9월 08, 2021 15:48:27.83 [16924:6308:0908/154827.083:ERROR:database.cc(1674)] History SQLite error: code 1555 errno 0: UNIQUE constraint failed: context_annotations.visit_id sql: INSERT INTO context_annotations( visit_id,context_annotation_flags,duration_since_last_visit,page_end_reason )VALUES(?,?,?,?)
9월 08, 2021 15:48:27.235 [16924:6308:0908/154827.235:ERROR:database.cc(1674)] History SQLite error: code 1555 errno 0: UNIQUE constraint failed: context_annotations.visit_id sql: INSERT INTO context_annotations( visit_id,context_annotation_flags,duration_since_last_visit,page_end_reason )VALUES(?,?,?,?)
9월 08, 2021 15:48:28.225 [16924:6308:0908/154828.225:ERROR:database.cc(1674)] History SQLite error: code 1555 errno 0: UNIQUE constraint failed: context_annotations.visit_id sql: INSERT INTO context_annotations( visit_id,context_annotation_flags,duration_since_last_visit,page_end_reason )VALUES(?,?,?,?)
9월 08, 2021 15:49:10.989 [16924:6308:0908/154910.989:ERROR:database.cc(1674)] History SQLite error: code 1555 errno 0: UNIQUE constraint failed: context_annotations.visit_id sql: INSERT INTO context_annotations( visit_id,context_annotation_flags,duration_since_last_visit,page_end_reason )VALUES(?,?,?,?)
9월 11, 2021 15:50:14.693 [16924:7304:0911/155014.692:ERROR:database.cc(1674)] History SQLite error: code 1555 errno 0: UNIQUE constraint failed: context_annotations.visit_id sql: INSERT INTO context_annotations( visit_id,context_annotation_flags,duration_since_last_visit,page_end_reason )VALUES(?,?,?,?)
9월 08, 2021 15:53:26.993 [16924:4260:0908/155326.993:ERROR:database.cc(1674)] History SQLite error: code 1555 errno 0: UNIQUE constraint failed: context_annotations.visit_id sql: INSERT INTO context_annotations( visit_id,context_annotation_flags,duration_since_last_visit,page_end_reason )VALUES(?,?,?,?)
9월 08, 2021 15:53:27.226 [16924:4260:0908/155327.225:ERROR:database.cc(1674)] History SQLite error: code 1555 errno 0: UNIQUE constraint failed: context_annotations.visit_id sql: INSERT INTO context_annotations( visit_id,context_annotation_flags,duration_since_last_visit,page_end_reason )VALUES(?,?,?,?)
9월 08, 2021 15:53:27.394 [16924:4260:0908/155327.394:ERROR:database.cc(1674)] History SQLite error: code 1555 errno 0: UNIQUE constraint failed: context_annotations.visit_id sql: INSERT INTO context_annotations( visit_id,context_annotation_flags,duration_since_last_visit,page_end_reason )VALUES(?,?,?,?)
9월 08, 2021 15:53:27.545 [16924:4260:0908/155327.545:ERROR:database.cc(1674)] History SQLite error: code 1555 errno 0: UNIQUE constraint failed: context_annotations.visit_id sql: INSERT INTO context_annotations( visit_id,context_annotation_flags,duration_since_last_visit,page_end_reason )VALUES(?,?,?,?)
9월 08, 2021 15:53:27.699 [16924:4260:0908/155327.698:ERROR:database.cc(1674)] History SQLite error: code 1555 errno 0: UNIQUE constraint failed: context_annotations.visit_id sql: INSERT INTO context_annotations( visit_id,context_annotation_flags,duration_since_last_visit,page_end_reason )VALUES(?,?,?,?)
9월 08, 2021 15:53:29.295 [16924:6308:0908/155329.293:ERROR:database.cc(1674)] History SQLite error: code 1555 errno 0: UNIQUE constraint failed: context_annotations.visit_id sql: INSERT INTO context_annotations( visit_id,context_annotation_flags,duration_since_last_visit,page_end_reason )VALUES(?,?,?,?)
9월 08, 2021 15:53:29.297 [16924:6308:0908/155329.296:ERROR:database.cc(1674)] History SQLite error: code 1555 errno 0: UNIQUE constraint failed: context_annotations.visit_id sql: INSERT INTO context_annotations( visit_id,context_annotation_flags,duration_since_last_visit,page_end_reason )VALUES(?,?,?,?)
9월 08, 2021 15:53:34.592 [16924:6308:0908/155334.592:ERROR:database.cc(1674)] History SQLite error: code 1555 errno 0: UNIQUE constraint failed: context_annotations.visit_id sql: INSERT INTO context_annotations( visit_id,context_annotation_flags,duration_since_last_visit,page_end_reason )VALUES(?,?,?,?)
9월 08, 2021 15:53:34.989 [16924:6308:0908/155334.989:ERROR:database.cc(1674)] History SQLite error: code 1555 errno 0: UNIQUE constraint failed: context_annotations.visit_id sql: INSERT INTO context_annotations( visit_id,context_annotation_flags,duration_since_last_visit,page_end_reason )VALUES(?,?,?,?)
9월 08, 2021 15:53:35.189 [16924:6308:0908/155335.188:ERROR:database.cc(1674)] History SQLite error: code 1555 errno 0: UNIQUE constraint failed: context_annotations.visit_id sql: INSERT INTO context_annotations( visit_id,context_annotation_flags,duration_since_last_visit,page_end_reason )VALUES(?,?,?,?)
9월 08, 2021 15:53:35.351 [16924:6308:0908/155335.351:ERROR:database.cc(1674)] History SQLite error: code 1555 errno 0: UNIQUE constraint failed: context_annotations.visit_id sql: INSERT INTO context_annotations( visit_id,context_annotation_flags,duration_since_last_visit,page_end_reason )VALUES(?,?,?,?)
9월 08, 2021 15:53:35.515 [16924:6308:0908/155335.514:ERROR:database.cc(1674)] History SQLite error: code 1555 errno 0: UNIQUE constraint failed: context_annotations.visit_id sql: INSERT INTO context_annotations( visit_id,context_annotation_flags,duration_since_last_visit,page_end_reason )VALUES(?,?,?,?)
9월 08, 2021 15:53:35.688 [16924:6308:0908/155335.688:ERROR:database.cc(1674)] History SQLite error: code 1555 errno 0: UNIQUE constraint failed: context_annotations.visit_id sql: INSERT INTO context_annotations( visit_id,context_annotation_flags,duration_since_last_visit,page_end_reason )VALUES(?,?,?,?)
9월 08, 2021 15:53:35.860 [16924:6308:0908/155335.859:ERROR:database.cc(1674)] History SQLite error: code 1555 errno 0: UNIQUE constraint failed: context_annotations.visit_id sql: INSERT INTO context_annotations( visit_id,context_annotation_flags,duration_since_last_visit,page_end_reason )VALUES(?,?,?,?)
9월 08, 2021 15:53:36.12 [16924:6308:0908/155336.011:ERROR:database.cc(1674)] History SQLite error: code 1555 errno 0: UNIQUE constraint failed: context_annotations.visit_id sql: INSERT INTO context_annotations( visit_id,context_annotation_flags,duration_since_last_visit,page_end_reason )VALUES(?,?,?,?)
9월 08, 2021 15:53:36.161 [16924:6308:0908/155336.161:ERROR:database.cc(1674)] History SQLite error: code 1555 errno 0: UNIQUE constraint failed: context_annotations.visit_id sql: INSERT INTO context_annotations( visit_id,context_annotation_flags,duration_since_last_visit,page_end_reason )VALUES(?,?,?,?)
9월 08, 2021 15:53:36.326 [16924:6308:0908/155336.325:ERROR:database.cc(1674)] History SQLite error: code 1555 errno 0: UNIQUE constraint failed: context_annotations.visit_id sql: INSERT INTO context_annotations( visit_id,context_annotation_flags,duration_since_last_visit,page_end_reason )VALUES(?,?,?,?)
9월 08, 2021 15:53:36.475 [16924:6308:0908/155336.475:ERROR:database.cc(1674)] History SQLite error: code 1555 errno 0: UNIQUE constraint failed: context_annotations.visit_id sql: INSERT INTO context_annotations( visit_id,context_annotation_flags,duration_since_last_visit,page_end_reason )VALUES(?,?,?,?)
9월 08, 2021 15:53:36.628 [16924:6308:0908/155336.628:ERROR:database.cc(1674)] History SQLite error: code 1555 errno 0: UNIQUE constraint failed: context_annotations.visit_id sql: INSERT INTO context_annotations( visit_id,context_annotation_flags,duration_since_last_visit,page_end_reason )VALUES(?,?,?,?)
9월 08, 2021 15:53:38.817 [16924:6308:0908/155338.817:ERROR:database.cc(1674)] History SQLite error: code 1555 errno 0: UNIQUE constraint failed: context_annotations.visit_id sql: INSERT INTO context_annotations( visit_id,context_annotation_flags,duration_since_last_visit,page_end_reason )VALUES(?,?,?,?)
9월 08, 2021 15:53:39.941 [16924:4260:0908/155339.941:ERROR:database.cc(1674)] History SQLite error: code 1555 errno 0: UNIQUE constraint failed: context_annotations.visit_id sql: INSERT INTO context_annotations( visit_id,context_annotation_flags,duration_since_last_visit,page_end_reason )VALUES(?,?,?,?)
9월 08, 2021 15:53:46.406 [16924:4260:0908/155346.405:ERROR:database.cc(1674)] History SQLite error: code 1555 errno 0: UNIQUE constraint failed: context_annotations.visit_id sql: INSERT INTO context_annotations( visit_id,context_annotation_flags,duration_since_last_visit,page_end_reason )VALUES(?,?,?,?)
9월 08, 2021 15:53:53.627 [8828:16364:0908/155353.626:ERROR:device_event_log_impl.cc(214)] [15:53:53.626] Bluetooth: bluetooth_adapter_winrt.cc:1073 Getting Default Adapter failed.
9월 08, 2021 16:01:38.868 [8828:5852:0908/160138.868:ERROR:database.cc(1674)] History SQLite error: code 1555 errno 0: UNIQUE constraint failed: context_annotations.visit_id sql: INSERT INTO context_annotations( visit_id,context_annotation_flags,duration_since_last_visit,page_end_reason )VALUES(?,?,?,?)
9월 08, 2021 16:09:58.842 [8828:5876:0908/160958.842:ERROR:database.cc(1674)] History SQLite error: code 1555 errno 0: UNIQUE constraint failed: context_annotations.visit_id sql: INSERT INTO context_annotations( visit_id,context_annotation_flags,duration_since_last_visit,page_end_reason )VALUES(?,?,?,?)
9월 08, 2021 16:10:01.958 [8828:13272:0908/161001.957:ERROR:database.cc(1674)] History SQLite error: code 1555 errno 0: UNIQUE constraint failed: context_annotations.visit_id sql: INSERT INTO context_annotations( visit_id,context_annotation_flags,duration_since_last_visit,page_end_reason )VALUES(?,?,?,?)
9월 08, 2021 16:10:27.917 [8828:13272:0908/161027.916:ERROR:database.cc(1674)] History SQLite error: code 1555 errno 0: UNIQUE constraint failed: context_annotations.visit_id sql: INSERT INTO context_annotations( visit_id,context_annotation_flags,duration_since_last_visit,page_end_reason )VALUES(?,?,?,?)
9월 08, 2021 16:10:55.08 [8828:14264:0908/161055.007:ERROR:database.cc(1674)] History SQLite error: code 1555 errno 0: UNIQUE constraint failed: context_annotations.visit_id sql: INSERT INTO context_annotations( visit_id,context_annotation_flags,duration_since_last_visit,page_end_reason )VALUES(?,?,?,?)
9월 08, 2021 16:10:55.11 [8828:13272:0908/161055.010:ERROR:database.cc(1674)] History SQLite error: code 1555 errno 0: UNIQUE constraint failed: context_annotations.visit_id sql: INSERT INTO context_annotations( visit_id,context_annotation_flags,duration_since_last_visit,page_end_reason )VALUES(?,?,?,?)
9월 08, 2021 16:11:16.193 [7068:5692:0908/161116.193:ERROR:device_event_log_impl.cc(214)] [16:11:16.193] Bluetooth: bluetooth_adapter_winrt.cc:1073 Getting Default Adapter failed.
9월 08, 2021 16:16:02.317 [7068:9060:0908/161602.316:ERROR:database.cc(1674)] History SQLite error: code 1555 errno 0: UNIQUE constraint failed: context_annotations.visit_id sql: INSERT INTO context_annotations( visit_id,context_annotation_flags,duration_since_last_visit,page_end_reason )VALUES(?,?,?,?)
9월 08, 2021 16:16:43.193 [4608:2276:0908/161643.192:ERROR:device_event_log_impl.cc(214)] [16:16:43.193] Bluetooth: bluetooth_adapter_winrt.cc:1073 Getting Default Adapter failed.
9월 08, 2021 16:16:50.276 [2172:16848:0908/161650.275:ERROR:device_event_log_impl.cc(214)] [16:16:50.276] Bluetooth: bluetooth_adapter_winrt.cc:1073 Getting Default Adapter failed.
9월 08, 2021 16:17:53.717 [17264:9096:0908/161753.716:ERROR:device_event_log_impl.cc(214)] [16:17:53.716] Bluetooth: bluetooth_adapter_winrt.cc:1073 Getting Default Adapter failed.

9월 09, 2021 11:24:18.867 NEW SESSION
9월 09, 2021 11:24:18.867 [5860:13132:0909/112418.863:ERROR:device_event_log_impl.cc(214)] [11:24:18.862] Bluetooth: bluetooth_adapter_winrt.cc:1073 Getting Default Adapter failed.

9월 30, 2021 10:18:14.340 NEW SESSION
9월 30, 2021 10:18:14.340 [8908:2596:0930/101814.337:ERROR:chrome_browser_main_extra_parts_metrics.cc(228)] crbug.com/1216328: Checking Bluetooth availability started. Please report if there is no report that this ends.
9월 30, 2021 10:18:14.342 [8908:2596:0930/101814.337:ERROR:chrome_browser_main_extra_parts_metrics.cc(231)] crbug.com/1216328: Checking Bluetooth availability ended.
9월 30, 2021 10:18:14.343 [8908:2596:0930/101814.337:ERROR:chrome_browser_main_extra_parts_metrics.cc(234)] crbug.com/1216328: Checking default browser status started. Please report if there is no report that this ends.
9월 30, 2021 10:18:14.344 [8908:2596:0930/101814.338:ERROR:chrome_browser_main_extra_parts_metrics.cc(238)] crbug.com/1216328: Checking default browser status ended.
9월 30, 2021 10:18:14.352 [8908:9980:0930/101814.352:ERROR:device_event_log_impl.cc(214)] [10:18:14.352] Bluetooth: bluetooth_adapter_winrt.cc:1073 Getting Default Adapter failed.
9월 30, 2021 10:19:43.810 [4268:9452:0930/101943.809:ERROR:chrome_browser_main_extra_parts_metrics.cc(228)] crbug.com/1216328: Checking Bluetooth availability started. Please report if there is no report that this ends.
9월 30, 2021 10:19:43.811 [4268:9452:0930/101943.809:ERROR:chrome_browser_main_extra_parts_metrics.cc(231)] crbug.com/1216328: Checking Bluetooth availability ended.
9월 30, 2021 10:19:43.812 [4268:9452:0930/101943.809:ERROR:chrome_browser_main_extra_parts_metrics.cc(234)] crbug.com/1216328: Checking default browser status started. Please report if there is no report that this ends.
9월 30, 2021 10:19:43.812 [4268:9452:0930/101943.811:ERROR:chrome_browser_main_extra_parts_metrics.cc(238)] crbug.com/1216328: Checking default browser status ended.
9월 30, 2021 10:19:43.823 [4268:11876:0930/101943.823:ERROR:device_event_log_impl.cc(214)] [10:19:43.824] Bluetooth: bluetooth_adapter_winrt.cc:1073 Getting Default Adapter failed.
9월 30, 2021 10:23:06.310 [4404:11376:0930/102306.309:ERROR:chrome_browser_main_extra_parts_metrics.cc(228)] crbug.com/1216328: Checking Bluetooth availability started. Please report if there is no report that this ends.
9월 30, 2021 10:23:06.310 [4404:11376:0930/102306.309:ERROR:chrome_browser_main_extra_parts_metrics.cc(231)] crbug.com/1216328: Checking Bluetooth availability ended.
9월 30, 2021 10:23:06.311 [4404:11376:0930/102306.310:ERROR:chrome_browser_main_extra_parts_metrics.cc(234)] crbug.com/1216328: Checking default browser status started. Please report if there is no report that this ends.
9월 30, 2021 10:23:06.311 [4404:11376:0930/102306.310:ERROR:chrome_browser_main_extra_parts_metrics.cc(238)] crbug.com/1216328: Checking default browser status ended.
9월 30, 2021 10:23:06.327 [4404:1300:0930/102306.327:ERROR:device_event_log_impl.cc(214)] [10:23:06.326] Bluetooth: bluetooth_adapter_winrt.cc:1073 Getting Default Adapter failed.
9월 30, 2021 11:29:49.175 [4496:11940:0930/112949.174:ERROR:chrome_browser_main_extra_parts_metrics.cc(228)] crbug.com/1216328: Checking Bluetooth availability started. Please report if there is no report that this ends.
9월 30, 2021 11:29:49.176 [4496:11940:0930/112949.174:ERROR:chrome_browser_main_extra_parts_metrics.cc(231)] crbug.com/1216328: Checking Bluetooth availability ended.
9월 30, 2021 11:29:49.177 [4496:11940:0930/112949.174:ERROR:chrome_browser_main_extra_parts_metrics.cc(234)] crbug.com/1216328: Checking default browser status started. Please report if there is no report that this ends.
9월 30, 2021 11:29:49.177 [4496:11940:0930/112949.176:ERROR:chrome_browser_main_extra_parts_metrics.cc(238)] crbug.com/1216328: Checking default browser status ended.
9월 30, 2021 11:29:49.194 [4496:7648:0930/112949.194:ERROR:device_event_log_impl.cc(214)] [11:29:49.194] Bluetooth: bluetooth_adapter_winrt.cc:1073 Getting Default Adapter failed.
9월 30, 2021 11:51:45.758 [4628:2384:0930/115145.757:ERROR:chrome_browser_main_extra_parts_metrics.cc(228)] crbug.com/1216328: Checking Bluetooth availability started. Please report if there is no report that this ends.
9월 30, 2021 11:51:45.759 [4628:2384:0930/115145.757:ERROR:chrome_browser_main_extra_parts_metrics.cc(231)] crbug.com/1216328: Checking Bluetooth availability ended.
9월 30, 2021 11:51:45.760 [4628:2384:0930/115145.757:ERROR:chrome_browser_main_extra_parts_metrics.cc(234)] crbug.com/1216328: Checking default browser status started. Please report if there is no report that this ends.
9월 30, 2021 11:51:45.761 [4628:2384:0930/115145.760:ERROR:chrome_browser_main_extra_parts_metrics.cc(238)] crbug.com/1216328: Checking default browser status ended.
9월 30, 2021 11:51:45.774 [4628:6804:0930/115145.773:ERROR:device_event_log_impl.cc(214)] [11:51:45.774] Bluetooth: bluetooth_adapter_winrt.cc:1073 Getting Default Adapter failed.
9월 30, 2021 11:53:37.10 [5008:3820:0930/115337.010:ERROR:chrome_browser_main_extra_parts_metrics.cc(228)] crbug.com/1216328: Checking Bluetooth availability started. Please report if there is no report that this ends.
9월 30, 2021 11:53:37.11 [5008:3820:0930/115337.010:ERROR:chrome_browser_main_extra_parts_metrics.cc(231)] crbug.com/1216328: Checking Bluetooth availability ended.
9월 30, 2021 11:53:37.12 [5008:3820:0930/115337.010:ERROR:chrome_browser_main_extra_parts_metrics.cc(234)] crbug.com/1216328: Checking default browser status started. Please report if there is no report that this ends.
9월 30, 2021 11:53:37.14 [5008:3820:0930/115337.014:ERROR:chrome_browser_main_extra_parts_metrics.cc(238)] crbug.com/1216328: Checking default browser status ended.
9월 30, 2021 11:53:37.27 [5008:13248:0930/115337.027:ERROR:device_event_log_impl.cc(214)] [11:53:37.028] Bluetooth: bluetooth_adapter_winrt.cc:1073 Getting Default Adapter failed.
9월 30, 2021 11:55:44.74 [5712:10652:0930/115544.074:ERROR:chrome_browser_main_extra_parts_metrics.cc(228)] crbug.com/1216328: Checking Bluetooth availability started. Please report if there is no report that this ends.
9월 30, 2021 11:55:44.75 [5712:10652:0930/115544.074:ERROR:chrome_browser_main_extra_parts_metrics.cc(231)] crbug.com/1216328: Checking Bluetooth availability ended.
9월 30, 2021 11:55:44.75 [5712:10652:0930/115544.074:ERROR:chrome_browser_main_extra_parts_metrics.cc(234)] crbug.com/1216328: Checking default browser status started. Please report if there is no report that this ends.
9월 30, 2021 11:55:44.76 [5712:10652:0930/115544.075:ERROR:chrome_browser_main_extra_parts_metrics.cc(238)] crbug.com/1216328: Checking default browser status ended.
9월 30, 2021 11:55:44.95 [5712:11884:0930/115544.094:ERROR:device_event_log_impl.cc(214)] [11:55:44.094] Bluetooth: bluetooth_adapter_winrt.cc:1073 Getting Default Adapter failed.
9월 30, 2021 11:55:53.209 [11464:8776:0930/115553.208:ERROR:chrome_browser_main_extra_parts_metrics.cc(228)] crbug.com/1216328: Checking Bluetooth availability started. Please report if there is no report that this ends.
9월 30, 2021 11:55:53.210 [11464:8776:0930/115553.208:ERROR:chrome_browser_main_extra_parts_metrics.cc(231)] crbug.com/1216328: Checking Bluetooth availability ended.
9월 30, 2021 11:55:53.211 [11464:8776:0930/115553.208:ERROR:chrome_browser_main_extra_parts_metrics.cc(234)] crbug.com/1216328: Checking default browser status started. Please report if there is no report that this ends.
9월 30, 2021 11:55:53.212 [11464:8776:0930/115553.210:ERROR:chrome_browser_main_extra_parts_metrics.cc(238)] crbug.com/1216328: Checking default browser status ended.
9월 30, 2021 11:55:53.225 [11464:1964:0930/115553.225:ERROR:device_event_log_impl.cc(214)] [11:55:53.225] Bluetooth: bluetooth_adapter_winrt.cc:1073 Getting Default Adapter failed.
9월 30, 2021 13:05:25.707 [3028:8256:0930/130525.707:ERROR:chrome_browser_main_extra_parts_metrics.cc(228)] crbug.com/1216328: Checking Bluetooth availability started. Please report if there is no report that this ends.
9월 30, 2021 13:05:25.708 [3028:8256:0930/130525.707:ERROR:chrome_browser_main_extra_parts_metrics.cc(231)] crbug.com/1216328: Checking Bluetooth availability ended.
9월 30, 2021 13:05:25.709 [3028:8256:0930/130525.707:ERROR:chrome_browser_main_extra_parts_metrics.cc(234)] crbug.com/1216328: Checking default browser status started. Please report if there is no report that this ends.
9월 30, 2021 13:05:25.709 [3028:8256:0930/130525.708:ERROR:chrome_browser_main_extra_parts_metrics.cc(238)] crbug.com/1216328: Checking default browser status ended.
9월 30, 2021 13:05:25.728 [3028:7192:0930/130525.727:ERROR:device_event_log_impl.cc(214)] [13:05:25.727] Bluetooth: bluetooth_adapter_winrt.cc:1073 Getting Default Adapter failed.
9월 30, 2021 13:11:36.985 [12464:11204:0930/131136.985:ERROR:chrome_browser_main_extra_parts_metrics.cc(228)] crbug.com/1216328: Checking Bluetooth availability started. Please report if there is no report that this ends.
9월 30, 2021 13:11:36.986 [12464:11204:0930/131136.985:ERROR:chrome_browser_main_extra_parts_metrics.cc(231)] crbug.com/1216328: Checking Bluetooth availability ended.
9월 30, 2021 13:11:36.987 [12464:11204:0930/131136.985:ERROR:chrome_browser_main_extra_parts_metrics.cc(234)] crbug.com/1216328: Checking default browser status started. Please report if there is no report that this ends.
9월 30, 2021 13:11:36.987 [12464:11204:0930/131136.986:ERROR:chrome_browser_main_extra_parts_metrics.cc(238)] crbug.com/1216328: Checking default browser status ended.
9월 30, 2021 13:11:37.01 [12464:2196:0930/131137.000:ERROR:device_event_log_impl.cc(214)] [13:11:37.000] Bluetooth: bluetooth_adapter_winrt.cc:1073 Getting Default Adapter failed.
9월 30, 2021 13:12:56.617 [4492:5896:0930/131256.617:ERROR:chrome_browser_main_extra_parts_metrics.cc(228)] crbug.com/1216328: Checking Bluetooth availability started. Please report if there is no report that this ends.
9월 30, 2021 13:12:56.618 [4492:5896:0930/131256.617:ERROR:chrome_browser_main_extra_parts_metrics.cc(231)] crbug.com/1216328: Checking Bluetooth availability ended.
9월 30, 2021 13:12:56.619 [4492:5896:0930/131256.617:ERROR:chrome_browser_main_extra_parts_metrics.cc(234)] crbug.com/1216328: Checking default browser status started. Please report if there is no report that this ends.
9월 30, 2021 13:12:56.619 [4492:5896:0930/131256.619:ERROR:chrome_browser_main_extra_parts_metrics.cc(238)] crbug.com/1216328: Checking default browser status ended.
9월 30, 2021 13:12:56.632 [4492:7124:0930/131256.632:ERROR:device_event_log_impl.cc(214)] [13:12:56.631] Bluetooth: bluetooth_adapter_winrt.cc:1073 Getting Default Adapter failed.
9월 30, 2021 13:13:16.420 [3540:2588:0930/131316.419:ERROR:chrome_browser_main_extra_parts_metrics.cc(228)] crbug.com/1216328: Checking Bluetooth availability started. Please report if there is no report that this ends.
9월 30, 2021 13:13:16.422 [3540:2588:0930/131316.421:ERROR:chrome_browser_main_extra_parts_metrics.cc(231)] crbug.com/1216328: Checking Bluetooth availability ended.
9월 30, 2021 13:13:16.422 [3540:2588:0930/131316.421:ERROR:chrome_browser_main_extra_parts_metrics.cc(234)] crbug.com/1216328: Checking default browser status started. Please report if there is no report that this ends.
9월 30, 2021 13:13:16.423 [3540:2588:0930/131316.423:ERROR:chrome_browser_main_extra_parts_metrics.cc(238)] crbug.com/1216328: Checking default browser status ended.
9월 30, 2021 13:13:16.439 [3540:10532:0930/131316.439:ERROR:device_event_log_impl.cc(214)] [13:13:16.439] Bluetooth: bluetooth_adapter_winrt.cc:1073 Getting Default Adapter failed.
9월 30, 2021 13:19:40.700 [4288:6764:0930/131940.700:ERROR:chrome_browser_main_extra_parts_metrics.cc(228)] crbug.com/1216328: Checking Bluetooth availability started. Please report if there is no report that this ends.
9월 30, 2021 13:19:40.701 [4288:6764:0930/131940.700:ERROR:chrome_browser_main_extra_parts_metrics.cc(231)] crbug.com/1216328: Checking Bluetooth availability ended.
9월 30, 2021 13:19:40.702 [4288:6764:0930/131940.700:ERROR:chrome_browser_main_extra_parts_metrics.cc(234)] crbug.com/1216328: Checking default browser status started. Please report if there is no report that this ends.
9월 30, 2021 13:19:40.703 [4288:6764:0930/131940.701:ERROR:chrome_browser_main_extra_parts_metrics.cc(238)] crbug.com/1216328: Checking default browser status ended.
9월 30, 2021 13:19:40.716 [4288:6972:0930/131940.716:ERROR:device_event_log_impl.cc(214)] [13:19:40.716] Bluetooth: bluetooth_adapter_winrt.cc:1073 Getting Default Adapter failed.
